<?xml version="1.0" encoding="UTF-8"?>
<coverage generated="1631696902027" clover="3.2.0">
  <project timestamp="1631696902027" name="All files">
    <metrics statements="44" coveredstatements="44" conditionals="8" coveredconditionals="8" methods="11" coveredmethods="11" elements="63" coveredelements="63" complexity="0" loc="44" ncloc="44" packages="1" files="1" classes="1"/>
    <file name="todo.ts" path="/Users/yeppin/Desktop/contributon/react-study-guild/todo-list/src/api/todo.ts">
      <metrics statements="44" coveredstatements="44" conditionals="8" coveredconditionals="8" methods="11" coveredmethods="11"/>
      <line num="3" count="1" type="stmt"/>
      <line num="4" count="14" type="stmt"/>
      <line num="5" count="14" type="cond" truecount="2" falsecount="0"/>
      <line num="6" count="1" type="stmt"/>
      <line num="8" count="13" type="stmt"/>
      <line num="11" count="1" type="stmt"/>
      <line num="12" count="5" type="stmt"/>
      <line num="13" count="5" type="stmt"/>
      <line num="19" count="5" type="stmt"/>
      <line num="20" count="5" type="stmt"/>
      <line num="21" count="5" type="stmt"/>
      <line num="22" count="5" type="stmt"/>
      <line num="25" count="1" type="stmt"/>
      <line num="26" count="1" type="stmt"/>
      <line num="27" count="1" type="stmt"/>
      <line num="28" count="2" type="cond" truecount="2" falsecount="0"/>
      <line num="29" count="1" type="stmt"/>
      <line num="31" count="1" type="stmt"/>
      <line num="36" count="1" type="stmt"/>
      <line num="37" count="1" type="stmt"/>
      <line num="40" count="1" type="stmt"/>
      <line num="41" count="2" type="stmt"/>
      <line num="42" count="2" type="stmt"/>
      <line num="47" count="2" type="stmt"/>
      <line num="48" count="2" type="stmt"/>
      <line num="49" count="2" type="stmt"/>
      <line num="52" count="1" type="stmt"/>
      <line num="53" count="1" type="stmt"/>
      <line num="54" count="5" type="stmt"/>
      <line num="55" count="1" type="stmt"/>
      <line num="56" count="1" type="stmt"/>
      <line num="59" count="1" type="stmt"/>
      <line num="60" count="9" type="stmt"/>
      <line num="61" count="9" type="stmt"/>
      <line num="64" count="1" type="stmt"/>
      <line num="65" count="14" type="stmt"/>
      <line num="68" count="1" type="stmt"/>
      <line num="69" count="2" type="stmt"/>
      <line num="70" count="2" type="stmt"/>
      <line num="71" count="2" type="stmt"/>
      <line num="77" count="2" type="stmt"/>
      <line num="78" count="7" type="cond" truecount="2" falsecount="0"/>
      <line num="79" count="5" type="stmt"/>
      <line num="81" count="2" type="stmt"/>
    </file>
  </project>
</coverage>
