{"/Users/yeppin/Desktop/contributon/react-study-guild/todo-list/src/api/todo.ts": {"path":"/Users/yeppin/Desktop/contributon/react-study-guild/todo-list/src/api/todo.ts","statementMap":{"0":{"start":{"line":3,"column":24},"end":{"line":9,"column":1}},"1":{"start":{"line":4,"column":16},"end":{"line":4,"column":39}},"2":{"start":{"line":5,"column":2},"end":{"line":7,"column":null}},"3":{"start":{"line":6,"column":4},"end":{"line":6,"column":14}},"4":{"start":{"line":8,"column":2},"end":{"line":8,"column":27}},"5":{"start":{"line":3,"column":13},"end":{"line":3,"column":24}},"6":{"start":{"line":11,"column":26},"end":{"line":23,"column":1}},"7":{"start":{"line":12,"column":16},"end":{"line":12,"column":26}},"8":{"start":{"line":13,"column":15},"end":{"line":18,"column":4}},"9":{"start":{"line":19,"column":2},"end":{"line":19,"column":19}},"10":{"start":{"line":20,"column":2},"end":{"line":20,"column":31}},"11":{"start":{"line":21,"column":2},"end":{"line":21,"column":29}},"12":{"start":{"line":22,"column":2},"end":{"line":22,"column":14}},"13":{"start":{"line":11,"column":13},"end":{"line":11,"column":26}},"14":{"start":{"line":25,"column":26},"end":{"line":38,"column":1}},"15":{"start":{"line":26,"column":16},"end":{"line":26,"column":26}},"16":{"start":{"line":27,"column":23},"end":{"line":35,"column":4}},"17":{"start":{"line":28,"column":4},"end":{"line":30,"column":null}},"18":{"start":{"line":29,"column":6},"end":{"line":29,"column":18}},"19":{"start":{"line":31,"column":4},"end":{"line":33,"column":null}},"20":{"start":{"line":36,"column":2},"end":{"line":36,"column":38}},"21":{"start":{"line":37,"column":2},"end":{"line":37,"column":29}},"22":{"start":{"line":25,"column":13},"end":{"line":25,"column":26}},"23":{"start":{"line":40,"column":26},"end":{"line":50,"column":1}},"24":{"start":{"line":41,"column":4},"end":{"line":41,"column":null}},"25":{"start":{"line":42,"column":11},"end":{"line":42,"column":null}},"26":{"start":{"line":47,"column":16},"end":{"line":47,"column":26}},"27":{"start":{"line":48,"column":23},"end":{"line":48,"column":64}},"28":{"start":{"line":49,"column":2},"end":{"line":49,"column":38}},"29":{"start":{"line":40,"column":13},"end":{"line":40,"column":26}},"30":{"start":{"line":52,"column":26},"end":{"line":57,"column":1}},"31":{"start":{"line":53,"column":16},"end":{"line":53,"column":26}},"32":{"start":{"line":54,"column":23},"end":{"line":54,"column":60}},"33":{"start":{"line":54,"column":44},"end":{"line":54,"column":60}},"34":{"start":{"line":55,"column":2},"end":{"line":55,"column":38}},"35":{"start":{"line":56,"column":2},"end":{"line":56,"column":29}},"36":{"start":{"line":52,"column":13},"end":{"line":52,"column":26}},"37":{"start":{"line":59,"column":30},"end":{"line":62,"column":1}},"38":{"start":{"line":60,"column":2},"end":{"line":60,"column":72}},"39":{"start":{"line":61,"column":2},"end":{"line":61,"column":55}},"40":{"start":{"line":64,"column":30},"end":{"line":66,"column":1}},"41":{"start":{"line":65,"column":2},"end":{"line":65,"column":39}},"42":{"start":{"line":68,"column":24},"end":{"line":88,"column":1}},"43":{"start":{"line":69,"column":4},"end":{"line":69,"column":null}},"44":{"start":{"line":70,"column":11},"end":{"line":70,"column":null}},"45":{"start":{"line":71,"column":7},"end":{"line":71,"column":null}},"46":{"start":{"line":77,"column":2},"end":{"line":87,"column":5}},"47":{"start":{"line":78,"column":4},"end":{"line":80,"column":null}},"48":{"start":{"line":79,"column":6},"end":{"line":79,"column":18}},"49":{"start":{"line":81,"column":4},"end":{"line":85,"column":null}}},"fnMap":{"0":{"name":"(anonymous_2)","decl":{"start":{"line":3,"column":24},"end":{"line":3,"column":null}},"loc":{"start":{"line":3,"column":24},"end":{"line":9,"column":1}}},"1":{"name":"(anonymous_3)","decl":{"start":{"line":11,"column":26},"end":{"line":11,"column":27}},"loc":{"start":{"line":11,"column":42},"end":{"line":23,"column":1}}},"2":{"name":"(anonymous_4)","decl":{"start":{"line":25,"column":26},"end":{"line":25,"column":27}},"loc":{"start":{"line":25,"column":38},"end":{"line":38,"column":1}}},"3":{"name":"(anonymous_5)","decl":{"start":{"line":27,"column":33},"end":{"line":27,"column":37}},"loc":{"start":{"line":27,"column":37},"end":{"line":35,"column":3}}},"4":{"name":"(anonymous_6)","decl":{"start":{"line":40,"column":26},"end":{"line":40,"column":27}},"loc":{"start":{"line":46,"column":1},"end":{"line":50,"column":1}}},"5":{"name":"(anonymous_7)","decl":{"start":{"line":52,"column":26},"end":{"line":52,"column":27}},"loc":{"start":{"line":52,"column":38},"end":{"line":57,"column":1}}},"6":{"name":"(anonymous_8)","decl":{"start":{"line":54,"column":36},"end":{"line":54,"column":40}},"loc":{"start":{"line":54,"column":40},"end":{"line":54,"column":48}}},"7":{"name":"(anonymous_9)","decl":{"start":{"line":59,"column":30},"end":{"line":59,"column":31}},"loc":{"start":{"line":59,"column":44},"end":{"line":62,"column":1}}},"8":{"name":"(anonymous_10)","decl":{"start":{"line":64,"column":30},"end":{"line":64,"column":null}},"loc":{"start":{"line":64,"column":30},"end":{"line":66,"column":1}}},"9":{"name":"(anonymous_11)","decl":{"start":{"line":68,"column":24},"end":{"line":68,"column":25}},"loc":{"start":{"line":76,"column":1},"end":{"line":88,"column":1}}},"10":{"name":"(anonymous_12)","decl":{"start":{"line":77,"column":19},"end":{"line":77,"column":23}},"loc":{"start":{"line":77,"column":23},"end":{"line":87,"column":3}}}},"branchMap":{"0":{"loc":{"start":{"line":5,"column":2},"end":{"line":7,"column":null}},"type":"if","locations":[{"start":{"line":5,"column":2},"end":{"line":7,"column":null}},{"start":{"line":5,"column":2},"end":{"line":7,"column":null}}]},"1":{"loc":{"start":{"line":28,"column":4},"end":{"line":30,"column":null}},"type":"if","locations":[{"start":{"line":28,"column":4},"end":{"line":30,"column":null}},{"start":{"line":28,"column":4},"end":{"line":30,"column":null}}]},"2":{"loc":{"start":{"line":78,"column":4},"end":{"line":80,"column":null}},"type":"if","locations":[{"start":{"line":78,"column":4},"end":{"line":80,"column":null}},{"start":{"line":78,"column":4},"end":{"line":80,"column":null}}]},"3":{"loc":{"start":{"line":85,"column":37},"end":{"line":85,"column":58}},"type":"cond-expr","locations":[{"start":{"line":85,"column":37},"end":{"line":85,"column":58}},{"start":{"line":85,"column":61},"end":{"line":85,"column":65}}]}},"s":{"0":1,"1":14,"2":14,"3":1,"4":13,"5":1,"6":1,"7":5,"8":5,"9":5,"10":5,"11":5,"12":5,"13":1,"14":1,"15":1,"16":1,"17":2,"18":1,"19":1,"20":1,"21":1,"22":1,"23":1,"24":2,"25":2,"26":2,"27":2,"28":2,"29":1,"30":1,"31":1,"32":1,"33":5,"34":1,"35":1,"36":1,"37":1,"38":9,"39":9,"40":1,"41":14,"42":1,"43":2,"44":2,"45":2,"46":2,"47":7,"48":5,"49":2},"f":{"0":14,"1":5,"2":1,"3":2,"4":2,"5":1,"6":5,"7":9,"8":14,"9":2,"10":7},"b":{"0":[1,13],"1":[1,1],"2":[5,2],"3":[1,1]}}
}
