TN:
SF:src/api/todo.ts
FN:3,(anonymous_2)
FN:11,(anonymous_3)
FN:25,(anonymous_4)
FN:27,(anonymous_5)
FN:40,(anonymous_6)
FN:52,(anonymous_7)
FN:54,(anonymous_8)
FN:59,(anonymous_9)
FN:64,(anonymous_10)
FN:68,(anonymous_11)
FN:77,(anonymous_12)
FNF:11
FNH:11
FNDA:14,(anonymous_2)
FNDA:5,(anonymous_3)
FNDA:1,(anonymous_4)
FNDA:2,(anonymous_5)
FNDA:2,(anonymous_6)
FNDA:1,(anonymous_7)
FNDA:5,(anonymous_8)
FNDA:9,(anonymous_9)
FNDA:14,(anonymous_10)
FNDA:2,(anonymous_11)
FNDA:7,(anonymous_12)
DA:3,1
DA:4,14
DA:5,14
DA:6,1
DA:8,13
DA:11,1
DA:12,5
DA:13,5
DA:19,5
DA:20,5
DA:21,5
DA:22,5
DA:25,1
DA:26,1
DA:27,1
DA:28,2
DA:29,1
DA:31,1
DA:36,1
DA:37,1
DA:40,1
DA:41,2
DA:42,2
DA:47,2
DA:48,2
DA:49,2
DA:52,1
DA:53,1
DA:54,5
DA:55,1
DA:56,1
DA:59,1
DA:60,9
DA:61,9
DA:64,1
DA:65,14
DA:68,1
DA:69,2
DA:70,2
DA:71,2
DA:77,2
DA:78,7
DA:79,5
DA:81,2
LF:44
LH:44
BRDA:5,0,0,1
BRDA:5,0,1,13
BRDA:28,1,0,1
BRDA:28,1,1,1
BRDA:78,2,0,5
BRDA:78,2,1,2
BRDA:85,3,0,1
BRDA:85,3,1,1
BRF:8
BRH:8
end_of_record
